<?xml version="1.0" encoding="UTF-8"?>
<!-- Generated by org.testng.reporters.JUnitReportReporter -->
<testsuite skipped="0" hostname="Gate6-70" name="test.OneFeed" tests="1" failures="0" timestamp="18 Oct 2018 09:05:23 GMT" time="5.441" errors="0">
  <testcase name="testHomePage" time="5.441" classname="test.OneFeed"/>
</testsuite> <!-- test.OneFeed -->
