<?xml version="1.0" encoding="UTF-8"?>
<!-- Generated by org.testng.reporters.JUnitReportReporter -->
<testsuite skipped="0" hostname="Gate6-70" name="test.TestCasesForgotPass" tests="2" failures="0" timestamp="22 Oct 2018 06:27:56 GMT" time="10.416" errors="0">
  <testcase name="ForGotPassUsingRegEmail" time="3.777" classname="test.TestCasesForgotPass"/>
  <testcase name="LogOut" time="6.639" classname="test.TestCasesForgotPass"/>
</testsuite> <!-- test.TestCasesForgotPass -->
