<?xml version="1.0" encoding="UTF-8"?>
<!-- Generated by org.testng.reporters.JUnitReportReporter -->
<testsuite skipped="0" hostname="Gate6-70" name="test.TestCasesSignInOneFeed" tests="3" failures="0" timestamp="22 Oct 2018 05:43:11 GMT" time="17.647" errors="0">
  <testcase name="LoginWithCorrectCredentials" time="9.544" classname="test.TestCasesSignInOneFeed"/>
  <testcase name="LogOut" time="5.894" classname="test.TestCasesSignInOneFeed"/>
  <testcase name="WrongLogin" time="2.209" classname="test.TestCasesSignInOneFeed"/>
</testsuite> <!-- test.TestCasesSignInOneFeed -->
