<?xml version="1.0" encoding="UTF-8"?>
<!-- Generated by org.testng.reporters.JUnitReportReporter -->
<testsuite skipped="0" hostname="Gate6-70" name="test.TestCasesSignInOneFeedTest" tests="3" failures="0" timestamp="22 Oct 2018 07:22:13 GMT" time="19.248" errors="0">
  <testcase name="LoginWithCorrectCredentials" time="10.278" classname="test.TestCasesSignInOneFeedTest"/>
  <testcase name="LogOut" time="6.215" classname="test.TestCasesSignInOneFeedTest"/>
  <testcase name="WrongLogin" time="2.755" classname="test.TestCasesSignInOneFeedTest"/>
</testsuite> <!-- test.TestCasesSignInOneFeedTest -->
