<?xml version="1.0" encoding="UTF-8"?>
<!-- Generated by org.testng.reporters.JUnitReportReporter -->
<testsuite skipped="0" hostname="Gate6-70" name="test.TestCasesForgotPassTest" tests="2" failures="0" timestamp="22 Oct 2018 07:22:51 GMT" time="11.921" errors="0">
  <testcase name="ForGotPassUsingRegEmail" time="4.532" classname="test.TestCasesForgotPassTest"/>
  <testcase name="ForGotPassUsingNonRegEmail" time="7.389" classname="test.TestCasesForgotPassTest"/>
</testsuite> <!-- test.TestCasesForgotPassTest -->
