<?xml version="1.0" encoding="UTF-8"?>
<!-- Generated by org.testng.reporters.JUnitReportReporter -->
<testsuite skipped="0" hostname="Gate6-70" name="test.TestCasesSignUpTest" tests="1" failures="0" timestamp="22 Oct 2018 07:21:29 GMT" time="8.035" errors="0">
  <testcase name="DoNew_SignUp" time="8.035" classname="test.TestCasesSignUpTest"/>
</testsuite> <!-- test.TestCasesSignUpTest -->
