<?xml version="1.0" encoding="UTF-8"?>
<!-- Generated by org.testng.reporters.JUnitReportReporter -->
<testsuite skipped="0" hostname="Gate6-70" name="test.TestCasesOfsecondaryPostDetails" tests="3" failures="0" timestamp="13 Nov 2018 11:45:58 GMT" time="0.143" errors="0">
  <testcase name="CheckImageOnSecondaryPostDetailsPage" time="0.080" classname="test.TestCasesOfsecondaryPostDetails"/>
  <testcase name="CheckHeaderOnSecondaryPostDetailsPage" time="0.027" classname="test.TestCasesOfsecondaryPostDetails"/>
  <testcase name="CheckParagraphOnSecondaryPostDetailsPage" time="0.036" classname="test.TestCasesOfsecondaryPostDetails"/>
</testsuite> <!-- test.TestCasesOfsecondaryPostDetails -->
