<?xml version="1.0" encoding="UTF-8"?>
<!-- Generated by org.testng.reporters.JUnitReportReporter -->
<testsuite skipped="0" hostname="Gate6-70" name="test.TestCasesForFeaturedPostDetails" tests="3" failures="0" timestamp="13 Nov 2018 11:34:32 GMT" time="0.106" errors="0">
  <testcase name="CheckImageOnFeaturedPostDetailsPage" time="0.043" classname="test.TestCasesForFeaturedPostDetails"/>
  <testcase name="CheckHeaderOnFeaturedPostDetailsPage" time="0.031" classname="test.TestCasesForFeaturedPostDetails"/>
  <testcase name="CheckParagraphOnFeaturedPostDetailsPage" time="0.032" classname="test.TestCasesForFeaturedPostDetails"/>
</testsuite> <!-- test.TestCasesForFeaturedPostDetails -->
