<?xml version="1.0" encoding="UTF-8"?>
<!-- Generated by org.testng.reporters.JUnitReportReporter -->
<testsuite skipped="0" hostname="Gate6-70" name="test.Test99GuruLogin" tests="1" failures="0" timestamp="18 Oct 2018 08:55:39 GMT" time="2.771" errors="0">
  <testcase name="testHomePage" time="2.771" classname="test.Test99GuruLogin"/>
</testsuite> <!-- test.Test99GuruLogin -->
