<?xml version="1.0" encoding="UTF-8"?>
<!-- Generated by org.testng.reporters.JUnitReportReporter -->
<testsuite hostname="Gate6-70" name="test.TestCaseDashboardToVerifyImageAndContentTest" tests="3" failures="0" timestamp="14 Nov 2018 10:14:52 GMT" time="0.490" errors="0">
  <testcase name="CheckSecondPostDashboard" time="0.052" classname="test.TestCaseDashboardToVerifyImageAndContentTest"/>
  <testcase name="CheckThirdPostDashboard" time="0.052" classname="test.TestCaseDashboardToVerifyImageAndContentTest"/>
  <testcase name="CheckFeaturedPostDashboard" time="0.386" classname="test.TestCaseDashboardToVerifyImageAndContentTest"/>
</testsuite>
