<?xml version="1.0" encoding="UTF-8"?>
<!-- Generated by org.testng.reporters.JUnitReportReporter -->
<testsuite hostname="Gate6-70" name="test.TestCasesOfsecondaryPostDetailsTest" tests="3" failures="0" timestamp="14 Nov 2018 10:14:52 GMT" time="0.083" errors="0">
  <testcase name="CheckParagraphOnSecondaryPostDetailsPage" time="0.022" classname="test.TestCasesOfsecondaryPostDetailsTest"/>
  <testcase name="CheckImageOnSecondaryPostDetailsPage" time="0.032" classname="test.TestCasesOfsecondaryPostDetailsTest"/>
  <testcase name="CheckHeaderOnSecondaryPostDetailsPage" time="0.029" classname="test.TestCasesOfsecondaryPostDetailsTest"/>
</testsuite>
