<?xml version="1.0" encoding="UTF-8"?>
<!-- Generated by org.testng.reporters.JUnitReportReporter -->
<testsuite hostname="Gate6-70" name="test.TestCasesOfLatestPostDetailsTest" tests="3" failures="0" timestamp="14 Nov 2018 10:14:52 GMT" time="0.081" errors="0">
  <testcase name="CheckHeaderOnLatestPostDetailsPage" time="0.029" classname="test.TestCasesOfLatestPostDetailsTest"/>
  <testcase name="CheckImageOnLatestPostDetailsPage" time="0.028" classname="test.TestCasesOfLatestPostDetailsTest"/>
  <testcase name="CheckParagraphOnLatestPostDetailsPage" time="0.024" classname="test.TestCasesOfLatestPostDetailsTest"/>
</testsuite>
