<?xml version="1.0" encoding="UTF-8"?>
<!-- Generated by org.testng.reporters.JUnitReportReporter -->
<testsuite hostname="Gate6-70" name="test.TestCasesForFeaturedPostDetailsTest" tests="3" failures="0" timestamp="14 Nov 2018 10:14:52 GMT" time="26.017" errors="0">
  <testcase name="CheckParagraphOnFeaturedPostDetailsPage" time="0.026" classname="test.TestCasesForFeaturedPostDetailsTest"/>
  <testcase name="CheckHeaderOnFeaturedPostDetailsPage" time="0.033" classname="test.TestCasesForFeaturedPostDetailsTest"/>
  <testcase name="CheckImageOnFeaturedPostDetailsPage" time="25.958" classname="test.TestCasesForFeaturedPostDetailsTest"/>
</testsuite>
