<?xml version="1.0" encoding="UTF-8"?>
<!-- Generated by org.testng.reporters.JUnitReportReporter -->
<testsuite skipped="0" hostname="Gate6-70" name="test.TestCasesSignupWithExistingUserTest" tests="1" failures="0" timestamp="22 Oct 2018 07:16:17 GMT" time="10.364" errors="0">
  <testcase name="DoExistingUser_SignUp" time="10.364" classname="test.TestCasesSignupWithExistingUserTest"/>
</testsuite> <!-- test.TestCasesSignupWithExistingUserTest -->
